<?xml version="1.0" encoding="UTF-8"?>
<!-- Generated by org.testng.reporters.JUnitReportReporter -->
<testsuite hostname="DESKTOP-2I8PV8G" failures="0" tests="1" name="testCases.TC_001_AccountRegistrationTest" time="5.862" errors="0" timestamp="2025-02-26T17:25:21 IST" skipped="0">
  <testcase classname="testCases.TC_001_AccountRegistrationTest" name="verify_account_registration" time="5.862"/>
</testsuite> <!-- testCases.TC_001_AccountRegistrationTest -->
