<?xml version="1.0" encoding="UTF-8"?>
<!-- Generated by org.testng.reporters.JUnitReportReporter -->
<testsuite hostname="DESKTOP-2I8PV8G" failures="0" tests="1" name="testCases.TC_002_LogInTest" time="2.290" errors="0" timestamp="2025-02-26T17:34:45 IST" skipped="0">
  <testcase classname="testCases.TC_002_LogInTest" name="verify_LogIn" time="2.290"/>
</testsuite> <!-- testCases.TC_002_LogInTest -->
